-------------------------------------------------------------------------------
Test set: com.mycompany.app.AppTest
-------------------------------------------------------------------------------
Tests run: 1, Failures: 1, Errors: 0, Skipped: 0, Time elapsed: 1.026 s <<< FAILURE! - in com.mycompany.app.AppTest
checksInstance(com.mycompany.app.AppTest)  Time elapsed: 1.012 s  <<< FAILURE!
java.lang.AssertionError: Values should be different. Actual: com.mycompany.app.Singleton@dfd3711
	at com.mycompany.app.AppTest.checksInstance(AppTest.java:20)

